c:\users\astah\source\repos\summer-pratic-vsu-4-semester-main\summer-pratic-vsu-4-semester\x64\debug\vc143.pdb
c:\users\astah\source\repos\summer-pratic-vsu-4-semester-main\summer-pratic-vsu-4-semester\x64\debug\vc143.idb
c:\users\astah\source\repos\summer-pratic-vsu-4-semester-main\summer-pratic-vsu-4-semester\x64\debug\summer-pratic-vsu-4-semester.obj
c:\users\astah\source\repos\summer-pratic-vsu-4-semester-main\summer-pratic-vsu-4-semester\x64\debug\dynamiclistmodule.obj
c:\users\astah\source\repos\summer-pratic-vsu-4-semester-main\summer-pratic-vsu-4-semester\x64\debug\dynamiclistmodule2.obj
c:\users\astah\source\repos\summer-pratic-vsu-4-semester-main\x64\debug\summer-pratic-vsu-4-semester.exe
c:\users\astah\source\repos\summer-pratic-vsu-4-semester-main\x64\debug\summer-pratic-vsu-4-semester.pdb
c:\users\astah\source\repos\summer-pratic-vsu-4-semester-main\summer-pratic-vsu-4-semester\x64\debug\summer-pratic-vsu-4-semester.res
c:\users\astah\source\repos\summer-pratic-vsu-4-semester-main\summer-pratic-vsu-4-semester\x64\debug\summer-pratic-vsu-4-semester.ilk
c:\users\astah\source\repos\summer-pratic-vsu-4-semester-main\summer-pratic-vsu-4-semester\x64\debug\file_operations.obj
c:\users\astah\source\repos\summer-pratic-vsu-4-semester-main\summer-pratic-vsu-4-semester\x64\debug\mainform.obj
c:\users\astah\source\repos\summer-pratic-vsu-4-semester-main\summer-pratic-vsu-4-semester\x64\debug\student_data.obj
c:\users\astah\source\repos\summer-pratic-vsu-4-semester-main\summer-pratic-vsu-4-semester\x64\debug\summer-p.d7221441.tlog\cl.command.1.tlog
c:\users\astah\source\repos\summer-pratic-vsu-4-semester-main\summer-pratic-vsu-4-semester\x64\debug\summer-p.d7221441.tlog\cl.items.tlog
c:\users\astah\source\repos\summer-pratic-vsu-4-semester-main\summer-pratic-vsu-4-semester\x64\debug\summer-p.d7221441.tlog\cl.read.1.tlog
c:\users\astah\source\repos\summer-pratic-vsu-4-semester-main\summer-pratic-vsu-4-semester\x64\debug\summer-p.d7221441.tlog\cl.write.1.tlog
c:\users\astah\source\repos\summer-pratic-vsu-4-semester-main\summer-pratic-vsu-4-semester\x64\debug\summer-p.d7221441.tlog\link.command.1.tlog
c:\users\astah\source\repos\summer-pratic-vsu-4-semester-main\summer-pratic-vsu-4-semester\x64\debug\summer-p.d7221441.tlog\link.read.1.tlog
c:\users\astah\source\repos\summer-pratic-vsu-4-semester-main\summer-pratic-vsu-4-semester\x64\debug\summer-p.d7221441.tlog\link.secondary.1.tlog
c:\users\astah\source\repos\summer-pratic-vsu-4-semester-main\summer-pratic-vsu-4-semester\x64\debug\summer-p.d7221441.tlog\link.write.1.tlog
c:\users\astah\source\repos\summer-pratic-vsu-4-semester-main\summer-pratic-vsu-4-semester\x64\debug\summer-p.d7221441.tlog\rc.command.1.tlog
c:\users\astah\source\repos\summer-pratic-vsu-4-semester-main\summer-pratic-vsu-4-semester\x64\debug\summer-p.d7221441.tlog\rc.read.1.tlog
c:\users\astah\source\repos\summer-pratic-vsu-4-semester-main\summer-pratic-vsu-4-semester\x64\debug\summer-p.d7221441.tlog\rc.write.1.tlog
